<?xml version="1.0" encoding="UTF-8"?>
<!-- Generated by org.testng.reporters.JUnitReportReporter -->
<testsuite hostname="192-168-1-104.tpgi.com.au" failures="0" tests="2" name="JavaStreamtutorial_udemy.test" time="0.008" errors="0" timestamp="2022-10-13T15:20:14 AEDT" skipped="0">
  <testcase classname="JavaStreamtutorial_udemy.test" name="streamfilter" time="0.002"/>
  <system-out/>
  <testcase classname="JavaStreamtutorial_udemy.test" name="streamMap" time="0.006"/>
  <system-out/>
</testsuite> <!-- JavaStreamtutorial_udemy.test -->
