<?xml version="1.0" encoding="UTF-8"?>
<!-- Generated by org.testng.reporters.JUnitReportReporter -->
<testsuite hostname="192-168-1-104.tpgi.com.au" failures="0" tests="3" name="JavaStreamtutorial_udemy.MergingArrayLst" time="0.007" errors="0" timestamp="2022-10-13T16:29:01 AEDT" skipped="0">
  <testcase classname="JavaStreamtutorial_udemy.MergingArrayLst" name="streamCollect" time="0.000"/>
  <system-out/>
  <testcase classname="JavaStreamtutorial_udemy.MergingArrayLst" name="uniqueNumberStream" time="0.001"/>
  <system-out/>
  <testcase classname="JavaStreamtutorial_udemy.MergingArrayLst" name="MergeArray" time="0.006"/>
  <system-out/>
</testsuite> <!-- JavaStreamtutorial_udemy.MergingArrayLst -->
